c:\users\cyrex\files\projects\outpost-rs\outpost_recompiled_c\build_task06\outpost_main_smoke.dir\debug\win16_api_stubs.obj
c:\users\cyrex\files\projects\outpost-rs\outpost_recompiled_c\build_task06\outpost_main_smoke.dir\debug\missing_deps.obj
c:\users\cyrex\files\projects\outpost-rs\outpost_recompiled_c\build_task06\outpost_main_smoke.dir\debug\ui_vtable.obj
c:\users\cyrex\files\projects\outpost-rs\outpost_recompiled_c\build_task06\outpost_main_smoke.dir\debug\outpost.strings_text.part004.obj
c:\users\cyrex\files\projects\outpost-rs\outpost_recompiled_c\build_task06\outpost_main_smoke.dir\debug\outpost.strings_text.part002.obj
c:\users\cyrex\files\projects\outpost-rs\outpost_recompiled_c\build_task06\outpost_main_smoke.dir\debug\outpost.strings_text.part001.obj
c:\users\cyrex\files\projects\outpost-rs\outpost_recompiled_c\build_task06\outpost_main_smoke.dir\debug\outpost_modules.obj
c:\users\cyrex\files\projects\outpost-rs\outpost_recompiled_c\build_task06\outpost_main_smoke.dir\debug\outpost_main_runtime.obj
c:\users\cyrex\files\projects\outpost-rs\outpost_recompiled_c\build_task06\outpost_main_smoke.dir\debug\outpost_main.obj
c:\users\cyrex\files\projects\outpost-rs\outpost_recompiled_c\build_task06\cmakefiles\generate.stamp
c:\users\cyrex\files\projects\outpost-rs\outpost_recompiled_c\build_task06\debug\outpost_main_smoke.exe
c:\users\cyrex\files\projects\outpost-rs\outpost_recompiled_c\build_task06\debug\outpost_main_smoke.pdb
c:\users\cyrex\files\projects\outpost-rs\outpost_recompiled_c\build_task06\outpost_main_smoke.dir\debug\outpost_main_smoke.ilk
c:\users\cyrex\files\projects\outpost-rs\outpost_recompiled_c\build_task06\outpost_main_smoke.dir\debug\vc143.pdb
c:\users\cyrex\files\projects\outpost-rs\outpost_recompiled_c\build_task06\outpost_main_smoke.dir\debug\outpost_.e37d72ea.tlog\cl.command.1.tlog
c:\users\cyrex\files\projects\outpost-rs\outpost_recompiled_c\build_task06\outpost_main_smoke.dir\debug\outpost_.e37d72ea.tlog\cl.items.tlog
c:\users\cyrex\files\projects\outpost-rs\outpost_recompiled_c\build_task06\outpost_main_smoke.dir\debug\outpost_.e37d72ea.tlog\cl.read.1.tlog
c:\users\cyrex\files\projects\outpost-rs\outpost_recompiled_c\build_task06\outpost_main_smoke.dir\debug\outpost_.e37d72ea.tlog\cl.write.1.tlog
c:\users\cyrex\files\projects\outpost-rs\outpost_recompiled_c\build_task06\outpost_main_smoke.dir\debug\outpost_.e37d72ea.tlog\custombuild.command.1.tlog
c:\users\cyrex\files\projects\outpost-rs\outpost_recompiled_c\build_task06\outpost_main_smoke.dir\debug\outpost_.e37d72ea.tlog\custombuild.read.1.tlog
c:\users\cyrex\files\projects\outpost-rs\outpost_recompiled_c\build_task06\outpost_main_smoke.dir\debug\outpost_.e37d72ea.tlog\custombuild.write.1.tlog
c:\users\cyrex\files\projects\outpost-rs\outpost_recompiled_c\build_task06\outpost_main_smoke.dir\debug\outpost_.e37d72ea.tlog\link.command.1.tlog
c:\users\cyrex\files\projects\outpost-rs\outpost_recompiled_c\build_task06\outpost_main_smoke.dir\debug\outpost_.e37d72ea.tlog\link.read.1.tlog
c:\users\cyrex\files\projects\outpost-rs\outpost_recompiled_c\build_task06\outpost_main_smoke.dir\debug\outpost_.e37d72ea.tlog\link.secondary.1.tlog
c:\users\cyrex\files\projects\outpost-rs\outpost_recompiled_c\build_task06\outpost_main_smoke.dir\debug\outpost_.e37d72ea.tlog\link.write.1.tlog
